[debug] ----------------------------------------------------------------------
[debug] Command:      /usr/local/bin/node /usr/local/bin/firebase deploy
[debug] CLI Version:  3.0.0
[debug] Platform:     darwin
[debug] Node Version: v5.10.1
[debug] Time:         Fri Jun 10 2016 22:02:04 GMT-0500 (CDT)
[debug] ----------------------------------------------------------------------
[debug] 
[debug] > command requires scopes: ["email","openid","https://www.googleapis.com/auth/cloudplatformprojects.readonly","https://www.googleapis.com/auth/firebase"]
[debug] > refreshing access token with scopes: ["email","https://www.googleapis.com/auth/cloudplatformprojects.readonly","https://www.googleapis.com/auth/firebase","openid"]
[debug] >>> HTTP REQUEST POST https://www.googleapis.com/oauth2/v3/token
[debug] <<< HTTP RESPONSE 200
[debug] >>> HTTP REQUEST GET https://admin.firebase.com/v1/projects/coryrylan 
[debug] <<< HTTP RESPONSE 200
[debug] >>> HTTP REQUEST GET https://admin.firebase.com/v1/database/coryrylan/tokens 
[debug] <<< HTTP RESPONSE 200
[info] 
[info] === Deploying to 'coryrylan'...
[info] 
[info] i  deploying database, hosting
[info] i  hosting: preparing _site directory for upload...
[debug] >>> HTTP REQUEST PUT https://deploy.firebase.com/v1/hosting/coryrylan/uploads/-KJxPFaCQfg5F3WoYOmy?fileCount=136&message= 
